<?xml version="1.0" encoding="UTF-8"?>
<testng-results ignored="0" total="2" passed="2" failed="0" skipped="0">
  <reporter-output>
  </reporter-output>
  <suite started-at="2024-03-20T13:28:08 IST" name="SanityTest" finished-at="2024-03-20T13:28:12 IST" duration-ms="3475">
    <groups>
    </groups>
    <test started-at="2024-03-20T13:28:08 IST" name="SanityTest" finished-at="2024-03-20T13:28:12 IST" duration-ms="3475">
      <class name="pk_graphql_tests.GraphQL_QueryTest">
        <test-method signature="getAllFilmsTest()[pri:1, instance:pk_graphql_tests.GraphQL_QueryTest@192d43ce]" started-at="2024-03-20T13:28:08 IST" name="getAllFilmsTest" finished-at="2024-03-20T13:28:11 IST" duration-ms="2378" status="PASS">
          <reporter-output>
          </reporter-output>
        </test-method> <!-- getAllFilmsTest -->
      </class> <!-- pk_graphql_tests.GraphQL_QueryTest -->
      <class name="pk_graphql_tests.GraphQL_pokemon">
        <test-method signature="getPokemonTest()[pri:1, instance:pk_graphql_tests.GraphQL_pokemon@402bba4f]" started-at="2024-03-20T13:28:11 IST" name="getPokemonTest" finished-at="2024-03-20T13:28:12 IST" duration-ms="1072" status="PASS">
          <reporter-output>
          </reporter-output>
        </test-method> <!-- getPokemonTest -->
      </class> <!-- pk_graphql_tests.GraphQL_pokemon -->
    </test> <!-- SanityTest -->
  </suite> <!-- SanityTest -->
</testng-results>
