<?xml version="1.0" encoding="UTF-8"?>
<testng-results ignored="0" total="1" passed="1" failed="0" skipped="0">
  <reporter-output>
  </reporter-output>
  <suite started-at="2024-03-21T12:53:01 IST" name="Default suite" finished-at="2024-03-21T12:53:04 IST" duration-ms="2708">
    <groups>
    </groups>
    <test started-at="2024-03-21T12:53:01 IST" name="Default test" finished-at="2024-03-21T12:53:04 IST" duration-ms="2708">
      <class name="pk_spreecom.Get_Default_Country_Using_JSONPath">
        <test-method signature="get_Default_Country_JSONPath()[pri:0, instance:pk_spreecom.Get_Default_Country_Using_JSONPath@56cdfb3b]" started-at="2024-03-21T12:53:01 IST" name="get_Default_Country_JSONPath" finished-at="2024-03-21T12:53:04 IST" duration-ms="2684" status="PASS">
          <reporter-output>
          </reporter-output>
        </test-method> <!-- get_Default_Country_JSONPath -->
      </class> <!-- pk_spreecom.Get_Default_Country_Using_JSONPath -->
    </test> <!-- Default test -->
  </suite> <!-- Default suite -->
</testng-results>
